# JRE version: Java(TM) SE Runtime Environment 18.9 (11.0.13+10) (build 11.0.13+10-LTS-370)
# Java VM: Java HotSpot(TM) 64-Bit Server VM 18.9 (11.0.13+10-LTS-370, mixed mode, tiered, compressed oops, g1 gc, windows-amd64)
Heap:
 garbage-first heap   total 310272K, used 100529K [0x0000000704000000, 0x0000000800000000)
  region size 1024K, 95 young (97280K), 7 survivors (7168K)
 Metaspace       used 41277K, capacity 42689K, committed 42800K, reserved 1087488K
  class space    used 5103K, capacity 5697K, committed 5760K, reserved 1048576K
GC Heap History (10 events):
Event: 0.744 GC heap before
{Heap before GC invocations=1 (full 0):
 garbage-first heap   total 258048K, used 27184K [0x0000000704000000, 0x0000000800000000)
  region size 1024K, 25 young (25600K), 3 survivors (3072K)
 Metaspace       used 16869K, capacity 17362K, committed 17408K, reserved 1064960K
  class space    used 1820K, capacity 2007K, committed 2048K, reserved 1048576K
}
Event: 0.746 GC heap after
{Heap after GC invocations=2 (full 0):
 garbage-first heap   total 258048K, used 5513K [0x0000000704000000, 0x0000000800000000)
  region size 1024K, 1 young (1024K), 1 survivors (1024K)
 Metaspace       used 16869K, capacity 17362K, committed 17408K, reserved 1064960K
  class space    used 1820K, capacity 2007K, committed 2048K, reserved 1048576K
}
Event: 0.935 GC heap before
{Heap before GC invocations=2 (full 0):
 garbage-first heap   total 258048K, used 40329K [0x0000000704000000, 0x0000000800000000)
  region size 1024K, 36 young (36864K), 1 survivors (1024K)
 Metaspace       used 20526K, capacity 21080K, committed 21296K, reserved 1069056K
  class space    used 2344K, capacity 2576K, committed 2688K, reserved 1048576K
}
Event: 0.938 GC heap after
{Heap after GC invocations=3 (full 0):
 garbage-first heap   total 258048K, used 6390K [0x0000000704000000, 0x0000000800000000)
  region size 1024K, 2 young (2048K), 2 survivors (2048K)
 Metaspace       used 20526K, capacity 21080K, committed 21296K, reserved 1069056K
  class space    used 2344K, capacity 2576K, committed 2688K, reserved 1048576K
}
Event: 1.089 GC heap before
{Heap before GC invocations=4 (full 0):
 garbage-first heap   total 258048K, used 65782K [0x0000000704000000, 0x0000000800000000)
  region size 1024K, 61 young (62464K), 2 survivors (2048K)
 Metaspace       used 26003K, capacity 26803K, committed 26928K, reserved 1073152K
  class space    used 3060K, capacity 3350K, committed 3456K, reserved 1048576K
}
Event: 1.093 GC heap after
{Heap after GC invocations=5 (full 0):
 garbage-first heap   total 258048K, used 7691K [0x0000000704000000, 0x0000000800000000)
  region size 1024K, 3 young (3072K), 3 survivors (3072K)
 Metaspace       used 26003K, capacity 26803K, committed 26928K, reserved 1073152K
  class space    used 3060K, capacity 3350K, committed 3456K, reserved 1048576K
}
Event: 1.520 GC heap before
{Heap before GC invocations=5 (full 0):
 garbage-first heap   total 258048K, used 104971K [0x0000000704000000, 0x0000000800000000)
  region size 1024K, 98 young (100352K), 3 survivors (3072K)
 Metaspace       used 32494K, capacity 33468K, committed 33712K, reserved 1079296K
  class space    used 3957K, capacity 4336K, committed 4352K, reserved 1048576K
}
Event: 1.524 GC heap after
{Heap after GC invocations=6 (full 0):
 garbage-first heap   total 258048K, used 10285K [0x0000000704000000, 0x0000000800000000)
  region size 1024K, 6 young (6144K), 6 survivors (6144K)
 Metaspace       used 32494K, capacity 33468K, committed 33712K, reserved 1079296K
  class space    used 3957K, capacity 4336K, committed 4352K, reserved 1048576K
}
Event: 1.648 GC heap before
{Heap before GC invocations=6 (full 0):
 garbage-first heap   total 258048K, used 39981K [0x0000000704000000, 0x0000000800000000)
  region size 1024K, 36 young (36864K), 6 survivors (6144K)
 Metaspace       used 34700K, capacity 35785K, committed 35888K, reserved 1081344K
  class space    used 4226K, capacity 4684K, committed 4736K, reserved 1048576K
}
Event: 1.654 GC heap after
{Heap after GC invocations=7 (full 0):
 garbage-first heap   total 310272K, used 11441K [0x0000000704000000, 0x0000000800000000)
  region size 1024K, 7 young (7168K), 7 survivors (7168K)
 Metaspace       used 34700K, capacity 35785K, committed 35888K, reserved 1081344K
  class space    used 4226K, capacity 4684K, committed 4736K, reserved 1048576K
}

